This is pdfTeX, Version 3.14159265-2.6-1.40.17 (MiKTeX 2.9 64-bit) (preloaded format=pdflatex 2016.11.3)  13 DEC 2017 22:55
entering extended mode
**./relatorio.tex
(relatorio.tex
LaTeX2e <2016/03/31> patch level 3
Babel <3.9r> and hyphenation patterns for 75 language(s) loaded.
("C:\Program Files\MiKTeX 2.9\tex\latex\base\book.cls"
Document Class: book 2014/09/29 v1.4h Standard LaTeX document class
("C:\Program Files\MiKTeX 2.9\tex\latex\base\bk11.clo"
File: bk11.clo 2014/09/29 v1.4h Standard LaTeX file (size option)
)
\c@part=\count79
\c@chapter=\count80
\c@section=\count81
\c@subsection=\count82
\c@subsubsection=\count83
\c@paragraph=\count84
\c@subparagraph=\count85
\c@figure=\count86
\c@table=\count87
\abovecaptionskip=\skip41
\belowcaptionskip=\skip42
\bibindent=\dimen102
)
("C:\Program Files\MiKTeX 2.9\tex\latex\base\fontenc.sty"
Package: fontenc 2016/06/19 v1.99m Standard LaTeX package

("C:\Program Files\MiKTeX 2.9\tex\latex\base\t1enc.def"
File: t1enc.def 2016/06/19 v1.99m Standard LaTeX file
LaTeX Font Info:    Redeclaring font encoding T1 on input line 48.
))
("C:\Program Files\MiKTeX 2.9\tex\generic\babel\babel.sty"
Package: babel 2016/04/23 3.9r The Babel package

*************************************
* Local config file bblopts.cfg used
*
("C:\Program Files\MiKTeX 2.9\tex\latex\arabi\bblopts.cfg"
File: bblopts.cfg 2005/09/08 v0.1 add Arabic and Farsi to "declared" options of
 babel
)
("C:\Program Files\MiKTeX 2.9\tex\latex\babel-portuges\portuges.ldf"
Language: portuges 2008/03/18 v1.2q Portuguese support from the babel system

("C:\Program Files\MiKTeX 2.9\tex\generic\babel\babel.def"
File: babel.def 2016/04/23 3.9r Babel common definitions
\babel@savecnt=\count88
\U@D=\dimen103
)
\l@brazilian = a dialect from \language\l@portuges 
Package babel Info: Making " an active character on input line 145.
))
("C:\Program Files\MiKTeX 2.9\tex\latex\graphics\epsfig.sty"
Package: epsfig 1999/02/16 v1.7a (e)psfig emulation (SPQR)

("C:\Program Files\MiKTeX 2.9\tex\latex\graphics\graphicx.sty"
Package: graphicx 2014/10/28 v1.0g Enhanced LaTeX Graphics (DPC,SPQR)

("C:\Program Files\MiKTeX 2.9\tex\latex\graphics\keyval.sty"
Package: keyval 2014/10/28 v1.15 key=value parser (DPC)
\KV@toks@=\toks14
)
("C:\Program Files\MiKTeX 2.9\tex\latex\graphics\graphics.sty"
Package: graphics 2016/07/10 v1.0t Standard LaTeX Graphics (DPC,SPQR)

("C:\Program Files\MiKTeX 2.9\tex\latex\graphics\trig.sty"
Package: trig 2016/01/03 v1.10 sin cos tan (DPC)
)
("C:\Program Files\MiKTeX 2.9\tex\latex\00miktex\graphics.cfg"
File: graphics.cfg 2016/06/04 v1.11 sample graphics configuration
)
Package graphics Info: Driver file: pdftex.def on input line 99.

("C:\Program Files\MiKTeX 2.9\tex\latex\graphics-def\pdftex.def"
File: pdftex.def 2016/07/10 v0.06j Graphics/color for pdfTeX

("C:\Program Files\MiKTeX 2.9\tex\generic\oberdiek\infwarerr.sty"
Package: infwarerr 2016/05/16 v1.4 Providing info/warning/error messages (HO)
)
("C:\Program Files\MiKTeX 2.9\tex\generic\oberdiek\ltxcmds.sty"
Package: ltxcmds 2016/05/16 v1.23 LaTeX kernel commands for general use (HO)
)
\Gread@gobject=\count89
))
\Gin@req@height=\dimen104
\Gin@req@width=\dimen105
)
\epsfxsize=\dimen106
\epsfysize=\dimen107
)
("C:\Program Files\MiKTeX 2.9\tex\latex\subfigure\subfigure.sty"
Package: subfigure 2002/07/30 v2.1.4 subfigure package
\subfigtopskip=\skip43
\subfigcapskip=\skip44
\subfigcaptopadj=\dimen108
\subfigbottomskip=\skip45
\subfigcapmargin=\dimen109
\subfiglabelskip=\skip46
\c@subfigure=\count90
\c@lofdepth=\count91
\c@subtable=\count92
\c@lotdepth=\count93

****************************************
* Local config file subfigure.cfg used *
****************************************
("C:\Program Files\MiKTeX 2.9\tex\latex\subfigure\subfigure.cfg")
\subfig@top=\skip47
\subfig@bottom=\skip48
)
("C:\Program Files\MiKTeX 2.9\tex\latex\amsfonts\amsfonts.sty"
Package: amsfonts 2013/01/14 v3.01 Basic AMSFonts support
\@emptytoks=\toks15
\symAMSa=\mathgroup4
\symAMSb=\mathgroup5
LaTeX Font Info:    Overwriting math alphabet `\mathfrak' in version `bold'
(Font)                  U/euf/m/n --> U/euf/b/n on input line 106.
)
("C:\Program Files\MiKTeX 2.9\tex\latex\amsmath\amsmath.sty"
Package: amsmath 2016/06/28 v2.15d AMS math features
\@mathmargin=\skip49

For additional information on amsmath, use the `?' option.
("C:\Program Files\MiKTeX 2.9\tex\latex\amsmath\amstext.sty"
Package: amstext 2000/06/29 v2.01 AMS text

("C:\Program Files\MiKTeX 2.9\tex\latex\amsmath\amsgen.sty"
File: amsgen.sty 1999/11/30 v2.0 generic functions
\@emptytoks=\toks16
\ex@=\dimen110
))
("C:\Program Files\MiKTeX 2.9\tex\latex\amsmath\amsbsy.sty"
Package: amsbsy 1999/11/29 v1.2d Bold Symbols
\pmbraise@=\dimen111
)
("C:\Program Files\MiKTeX 2.9\tex\latex\amsmath\amsopn.sty"
Package: amsopn 2016/03/08 v2.02 operator names
)
\inf@bad=\count94
LaTeX Info: Redefining \frac on input line 199.
\uproot@=\count95
\leftroot@=\count96
LaTeX Info: Redefining \overline on input line 297.
\classnum@=\count97
\DOTSCASE@=\count98
LaTeX Info: Redefining \ldots on input line 394.
LaTeX Info: Redefining \dots on input line 397.
LaTeX Info: Redefining \cdots on input line 518.
\Mathstrutbox@=\box26
\strutbox@=\box27
\big@size=\dimen112
LaTeX Font Info:    Redeclaring font encoding OML on input line 634.
LaTeX Font Info:    Redeclaring font encoding OMS on input line 635.
\macc@depth=\count99
\c@MaxMatrixCols=\count100
\dotsspace@=\muskip10
\c@parentequation=\count101
\dspbrk@lvl=\count102
\tag@help=\toks17
\row@=\count103
\column@=\count104
\maxfields@=\count105
\andhelp@=\toks18
\eqnshift@=\dimen113
\alignsep@=\dimen114
\tagshift@=\dimen115
\tagwidth@=\dimen116
\totwidth@=\dimen117
\lineht@=\dimen118
\@envbody=\toks19
\multlinegap=\skip50
\multlinetaggap=\skip51
\mathdisplay@stack=\toks20
LaTeX Info: Redefining \[ on input line 2739.
LaTeX Info: Redefining \] on input line 2740.
)
("C:\Program Files\MiKTeX 2.9\tex\latex\amsfonts\amssymb.sty"
Package: amssymb 2013/01/14 v3.01 AMS font symbols
)
("C:\Program Files\MiKTeX 2.9\tex\latex\ntheorem\ntheorem.sty"
Style `ntheorem', Version 1.33 <2011/08/15>
Package: ntheorem 2011/08/15 1.33
("C:\Program Files\MiKTeX 2.9\tex\latex\base\ifthen.sty"
Package: ifthen 2014/09/29 v1.1c Standard LaTeX ifthen package (DPC)
)
\theorem@style=\toks21
\theorem@@style=\toks22
\theorembodyfont=\toks23
\theoremnumbering=\toks24
\theorempreskipamount=\skip52
\theorempostskipamount=\skip53
\theoremframepreskipamount=\skip54
\theoremframepostskipamount=\skip55
\theoreminframepreskipamount=\skip56
\theoreminframepostskipamount=\skip57
\theorem@preskip=\toks25
\theorem@postskip=\toks26
\theorem@framepreskip=\toks27
\theorem@framepostskip=\toks28
\theorem@inframepreskip=\toks29
\theorem@inframepostskip=\toks30
\theoremindent=\dimen119
\theorem@indent=\dimen120
\theoremrightindent=\dimen121
\theorem@rightindent=\dimen122
\theoremheaderfont=\toks31
\theoremseparator=\toks32
\theoremprework=\toks33
\theorempostwork=\toks34
\theoremsymbol=\toks35
\qedsymbol=\toks36
\theoremkeyword=\toks37
\qedsymbol=\toks38
\thm@topsep=\skip58
\thm@topsepadd=\skip59
Package ntheorem Info: Option `thmmarks' loaded on input line 1175.
\c@endNonectr=\count106
\c@currNonectr=\count107
\mysavskip=\skip60
Package ntheorem Info: option `amsmath' handling for `thmmarks' loaded on input
 line 1175.
\thm@amstmpdepth=\dimen123
\tagwidth=\dimen124
)
("C:\Program Files\MiKTeX 2.9\tex\latex\boxedminipage\boxedminipage.sty")
("C:\Program Files\MiKTeX 2.9\tex\latex\geometry\geometry.sty"
Package: geometry 2010/09/12 v5.6 Page Geometry

("C:\Program Files\MiKTeX 2.9\tex\generic\oberdiek\ifpdf.sty"
Package: ifpdf 2016/05/14 v3.1 Provides the ifpdf switch
)
("C:\Program Files\MiKTeX 2.9\tex\generic\oberdiek\ifvtex.sty"
Package: ifvtex 2016/05/16 v1.6 Detect VTeX and its facilities (HO)
Package ifvtex Info: VTeX not detected.
)
("C:\Program Files\MiKTeX 2.9\tex\generic\ifxetex\ifxetex.sty"
Package: ifxetex 2010/09/12 v0.6 Provides ifxetex conditional
)
\Gm@cnth=\count108
\Gm@cntv=\count109
\c@Gm@tempcnt=\count110
\Gm@bindingoffset=\dimen125
\Gm@wd@mp=\dimen126
\Gm@odd@mp=\dimen127
\Gm@even@mp=\dimen128
\Gm@layoutwidth=\dimen129
\Gm@layoutheight=\dimen130
\Gm@layouthoffset=\dimen131
\Gm@layoutvoffset=\dimen132
\Gm@dimlist=\toks39

("C:\Program Files\MiKTeX 2.9\tex\latex\geometry\geometry.cfg"))
("C:\Program Files\MiKTeX 2.9\tex\latex\tools\theorem.sty")
("C:\Program Files\MiKTeX 2.9\tex\latex\fancybox\fancybox.sty"
Package: fancybox 2010/05/15 1.4

Style option: `fancybox' v1.4 <2010/05/15> (tvz)
\@fancybox=\box28
\shadowsize=\dimen133
\@Sbox=\box29
\do@VerbBox=\toks40
\the@fancyput=\toks41
\this@fancyput=\toks42
\EndVerbatimTokens=\toks43
\Verbatim@Outfile=\write3
\Verbatim@Infile=\read1
) ("C:\Program Files\MiKTeX 2.9\tex\latex\fancyhdr\fancyhdr.sty"
Package: fancyhdr 2016/09/06 3.8 Extensive control of page headers and footers
\fancy@headwidth=\skip61
\f@ncyO@elh=\skip62
\f@ncyO@erh=\skip63
\f@ncyO@olh=\skip64
\f@ncyO@orh=\skip65
\f@ncyO@elf=\skip66
\f@ncyO@erf=\skip67
\f@ncyO@olf=\skip68
\f@ncyO@orf=\skip69
)
("C:\Program Files\MiKTeX 2.9\tex\latex\url\url.sty"
\Urlmuskip=\muskip11
Package: url 2013/09/16  ver 3.4  Verb mode for urls, etc.
)
("C:\Program Files\MiKTeX 2.9\tex\latex\tools\afterpage.sty"
Package: afterpage 2014/10/28 v1.08 After-Page Package (DPC)
\AP@output=\toks44
\AP@partial=\box30
\AP@footins=\box31
)
("C:\Program Files\MiKTeX 2.9\tex\latex\graphics\color.sty"
Package: color 2016/07/10 v1.1e Standard LaTeX Color (DPC)

("C:\Program Files\MiKTeX 2.9\tex\latex\00miktex\color.cfg"
File: color.cfg 2016/01/02 v1.6 sample color configuration
)
Package color Info: Driver file: pdftex.def on input line 147.
)
("C:\Program Files\MiKTeX 2.9\tex\latex\colortbl\colortbl.sty"
Package: colortbl 2012/02/13 v1.0a Color table columns (DPC)

("C:\Program Files\MiKTeX 2.9\tex\latex\tools\array.sty"
Package: array 2014/10/28 v2.4c Tabular extension package (FMi)
\col@sep=\dimen134
\extrarowheight=\dimen135
\NC@list=\toks45
\extratabsurround=\skip70
\backup@length=\skip71
)
\everycr=\toks46
\minrowclearance=\skip72
)
("C:\Program Files\MiKTeX 2.9\tex\latex\graphics\rotating.sty"
Package: rotating 2016/05/22 v2.16c rotated objects in LaTeX
\c@r@tfl@t=\count111
\rotFPtop=\skip73
\rotFPbot=\skip74
\rot@float@box=\box32
\rot@mess@toks=\toks47
)
("C:\Program Files\MiKTeX 2.9\tex\latex\base\makeidx.sty"
Package: makeidx 2014/09/29 v1.0m Standard LaTeX package
)
("C:\Program Files\MiKTeX 2.9\tex\latex\tools\indentfirst.sty"
Package: indentfirst 1995/11/23 v1.03 Indent first paragraph (DPC)
)
("C:\Program Files\MiKTeX 2.9\tex\latex\base\textcomp.sty"
Package: textcomp 2016/06/19 v1.99m Standard LaTeX package
Package textcomp Info: Sub-encoding information:
(textcomp)               5 = only ISO-Adobe without \textcurrency
(textcomp)               4 = 5 + \texteuro
(textcomp)               3 = 4 + \textohm
(textcomp)               2 = 3 + \textestimated + \textcurrency
(textcomp)               1 = TS1 - \textcircled - \t
(textcomp)               0 = TS1 (full)
(textcomp)             Font families with sub-encoding setting implement
(textcomp)             only a restricted character set as indicated.
(textcomp)             Family '?' is the default used for unknown fonts.
(textcomp)             See the documentation for details.
Package textcomp Info: Setting ? sub-encoding to TS1/1 on input line 79.

("C:\Program Files\MiKTeX 2.9\tex\latex\base\ts1enc.def"
File: ts1enc.def 2001/06/05 v3.0e (jk/car/fm) Standard LaTeX file
)
LaTeX Info: Redefining \oldstylenums on input line 334.
Package textcomp Info: Setting cmr sub-encoding to TS1/0 on input line 349.
Package textcomp Info: Setting cmss sub-encoding to TS1/0 on input line 350.
Package textcomp Info: Setting cmtt sub-encoding to TS1/0 on input line 351.
Package textcomp Info: Setting cmvtt sub-encoding to TS1/0 on input line 352.
Package textcomp Info: Setting cmbr sub-encoding to TS1/0 on input line 353.
Package textcomp Info: Setting cmtl sub-encoding to TS1/0 on input line 354.
Package textcomp Info: Setting ccr sub-encoding to TS1/0 on input line 355.
Package textcomp Info: Setting ptm sub-encoding to TS1/4 on input line 356.
Package textcomp Info: Setting pcr sub-encoding to TS1/4 on input line 357.
Package textcomp Info: Setting phv sub-encoding to TS1/4 on input line 358.
Package textcomp Info: Setting ppl sub-encoding to TS1/3 on input line 359.
Package textcomp Info: Setting pag sub-encoding to TS1/4 on input line 360.
Package textcomp Info: Setting pbk sub-encoding to TS1/4 on input line 361.
Package textcomp Info: Setting pnc sub-encoding to TS1/4 on input line 362.
Package textcomp Info: Setting pzc sub-encoding to TS1/4 on input line 363.
Package textcomp Info: Setting bch sub-encoding to TS1/4 on input line 364.
Package textcomp Info: Setting put sub-encoding to TS1/5 on input line 365.
Package textcomp Info: Setting uag sub-encoding to TS1/5 on input line 366.
Package textcomp Info: Setting ugq sub-encoding to TS1/5 on input line 367.
Package textcomp Info: Setting ul8 sub-encoding to TS1/4 on input line 368.
Package textcomp Info: Setting ul9 sub-encoding to TS1/4 on input line 369.
Package textcomp Info: Setting augie sub-encoding to TS1/5 on input line 370.
Package textcomp Info: Setting dayrom sub-encoding to TS1/3 on input line 371.
Package textcomp Info: Setting dayroms sub-encoding to TS1/3 on input line 372.

Package textcomp Info: Setting pxr sub-encoding to TS1/0 on input line 373.
Package textcomp Info: Setting pxss sub-encoding to TS1/0 on input line 374.
Package textcomp Info: Setting pxtt sub-encoding to TS1/0 on input line 375.
Package textcomp Info: Setting txr sub-encoding to TS1/0 on input line 376.
Package textcomp Info: Setting txss sub-encoding to TS1/0 on input line 377.
Package textcomp Info: Setting txtt sub-encoding to TS1/0 on input line 378.
Package textcomp Info: Setting lmr sub-encoding to TS1/0 on input line 379.
Package textcomp Info: Setting lmdh sub-encoding to TS1/0 on input line 380.
Package textcomp Info: Setting lmss sub-encoding to TS1/0 on input line 381.
Package textcomp Info: Setting lmssq sub-encoding to TS1/0 on input line 382.
Package textcomp Info: Setting lmvtt sub-encoding to TS1/0 on input line 383.
Package textcomp Info: Setting lmtt sub-encoding to TS1/0 on input line 384.
Package textcomp Info: Setting qhv sub-encoding to TS1/0 on input line 385.
Package textcomp Info: Setting qag sub-encoding to TS1/0 on input line 386.
Package textcomp Info: Setting qbk sub-encoding to TS1/0 on input line 387.
Package textcomp Info: Setting qcr sub-encoding to TS1/0 on input line 388.
Package textcomp Info: Setting qcs sub-encoding to TS1/0 on input line 389.
Package textcomp Info: Setting qpl sub-encoding to TS1/0 on input line 390.
Package textcomp Info: Setting qtm sub-encoding to TS1/0 on input line 391.
Package textcomp Info: Setting qzc sub-encoding to TS1/0 on input line 392.
Package textcomp Info: Setting qhvc sub-encoding to TS1/0 on input line 393.
Package textcomp Info: Setting futs sub-encoding to TS1/4 on input line 394.
Package textcomp Info: Setting futx sub-encoding to TS1/4 on input line 395.
Package textcomp Info: Setting futj sub-encoding to TS1/4 on input line 396.
Package textcomp Info: Setting hlh sub-encoding to TS1/3 on input line 397.
Package textcomp Info: Setting hls sub-encoding to TS1/3 on input line 398.
Package textcomp Info: Setting hlst sub-encoding to TS1/3 on input line 399.
Package textcomp Info: Setting hlct sub-encoding to TS1/5 on input line 400.
Package textcomp Info: Setting hlx sub-encoding to TS1/5 on input line 401.
Package textcomp Info: Setting hlce sub-encoding to TS1/5 on input line 402.
Package textcomp Info: Setting hlcn sub-encoding to TS1/5 on input line 403.
Package textcomp Info: Setting hlcw sub-encoding to TS1/5 on input line 404.
Package textcomp Info: Setting hlcf sub-encoding to TS1/5 on input line 405.
Package textcomp Info: Setting pplx sub-encoding to TS1/3 on input line 406.
Package textcomp Info: Setting pplj sub-encoding to TS1/3 on input line 407.
Package textcomp Info: Setting ptmx sub-encoding to TS1/4 on input line 408.
Package textcomp Info: Setting ptmj sub-encoding to TS1/4 on input line 409.
) (ft2unb.sty
Package: ft2unb 2006/03/19 v1.0

("C:\Program Files\MiKTeX 2.9\tex\latex\eso-pic\eso-pic.sty"
Package: eso-pic 2015/07/21 v2.0g eso-pic (RN)

("C:\Program Files\MiKTeX 2.9\tex\generic\oberdiek\atbegshi.sty"
Package: atbegshi 2016/06/09 v1.18 At begin shipout hook (HO)
)))
\@indexfile=\write4
\openout4 = `relatorio.idx'.


Writing index file relatorio.idx
(relatorio.aux (resumos.aux) (simbolos.aux) (cap_Introducao.aux)
(cap_RevisaoBibliografica.aux) (cap_Desenvolvimento.aux) (cap_Experimentos.aux)
(cap_Conclusoes.aux) (anexo_CD.aux))
\openout1 = `relatorio.aux'.

LaTeX Font Info:    Checking defaults for OML/cmm/m/it on input line 48.
LaTeX Font Info:    ... okay on input line 48.
LaTeX Font Info:    Checking defaults for T1/cmr/m/n on input line 48.
LaTeX Font Info:    ... okay on input line 48.
LaTeX Font Info:    Checking defaults for OT1/cmr/m/n on input line 48.
LaTeX Font Info:    ... okay on input line 48.
LaTeX Font Info:    Checking defaults for OMS/cmsy/m/n on input line 48.
LaTeX Font Info:    ... okay on input line 48.
LaTeX Font Info:    Checking defaults for OMX/cmex/m/n on input line 48.
LaTeX Font Info:    ... okay on input line 48.
LaTeX Font Info:    Checking defaults for U/cmr/m/n on input line 48.
LaTeX Font Info:    ... okay on input line 48.
LaTeX Font Info:    Checking defaults for TS1/cmr/m/n on input line 48.
LaTeX Font Info:    Try loading font information for TS1+cmr on input line 48.

("C:\Program Files\MiKTeX 2.9\tex\latex\base\ts1cmr.fd"
File: ts1cmr.fd 2014/09/29 v2.5h Standard LaTeX font definitions
)
LaTeX Font Info:    ... okay on input line 48.

("C:\Program Files\MiKTeX 2.9\tex\context\base\supp-pdf.mkii"
[Loading MPS to PDF converter (version 2006.09.02).]
\scratchcounter=\count112
\scratchdimen=\dimen136
\scratchbox=\box33
\nofMPsegments=\count113
\nofMParguments=\count114
\everyMPshowfont=\toks48
\MPscratchCnt=\count115
\MPscratchDim=\dimen137
\MPnumerator=\count116
\makeMPintoPDFobject=\count117
\everyMPtoPDFconversion=\toks49
) ("C:\Program Files\MiKTeX 2.9\tex\generic\oberdiek\pdftexcmds.sty"
Package: pdftexcmds 2016/05/21 v0.22 Utility functions of pdfTeX for LuaTeX (HO
)

("C:\Program Files\MiKTeX 2.9\tex\generic\oberdiek\ifluatex.sty"
Package: ifluatex 2016/05/16 v1.4 Provides the ifluatex switch (HO)
Package ifluatex Info: LuaTeX not detected.
)
Package pdftexcmds Info: LuaTeX not detected.
Package pdftexcmds Info: \pdf@primitive is available.
Package pdftexcmds Info: \pdf@ifprimitive is available.
Package pdftexcmds Info: \pdfdraftmode found.
)
("C:\Program Files\MiKTeX 2.9\tex\latex\oberdiek\epstopdf-base.sty"
Package: epstopdf-base 2016/05/15 v2.6 Base part for package epstopdf

("C:\Program Files\MiKTeX 2.9\tex\latex\oberdiek\grfext.sty"
Package: grfext 2016/05/16 v1.2 Manage graphics extensions (HO)

("C:\Program Files\MiKTeX 2.9\tex\generic\oberdiek\kvdefinekeys.sty"
Package: kvdefinekeys 2016/05/16 v1.4 Define keys (HO)
))
("C:\Program Files\MiKTeX 2.9\tex\latex\oberdiek\kvoptions.sty"
Package: kvoptions 2016/05/16 v3.12 Key value format for package options (HO)

("C:\Program Files\MiKTeX 2.9\tex\generic\oberdiek\kvsetkeys.sty"
Package: kvsetkeys 2016/05/16 v1.17 Key value parser (HO)

("C:\Program Files\MiKTeX 2.9\tex\generic\oberdiek\etexcmds.sty"
Package: etexcmds 2016/05/16 v1.6 Avoid name clashes with e-TeX commands (HO)
Package etexcmds Info: Could not find \expanded.
(etexcmds)             That can mean that you are not using pdfTeX 1.50 or
(etexcmds)             that some package has redefined \expanded.
(etexcmds)             In the latter case, load this package earlier.
)))
Package epstopdf-base Info: Redefining graphics rule for `.eps' on input line 4
38.
Package grfext Info: Graphics extension search list:
(grfext)             [.png,.pdf,.jpg,.mps,.jpeg,.jbig2,.jb2,.PNG,.PDF,.JPG,.JPE
G,.JBIG2,.JB2,.eps]
(grfext)             \AppendGraphicsExtensions on input line 456.
)
*geometry* driver: auto-detecting
*geometry* detected driver: pdftex
*geometry* verbose mode - [ preamble ] result:
* driver: pdftex
* paper: a4paper
* layout: <same size as paper>
* layoutoffset:(h,v)=(0.0pt,0.0pt)
* modes: 
* h-part:(L,W,R)=(66.57935pt, 464.34918pt, 66.57935pt)
* v-part:(T,H,B)=(56.9055pt, 686.7347pt, 101.40665pt)
* \paperwidth=597.50787pt
* \paperheight=845.04684pt
* \textwidth=464.34918pt
* \textheight=686.7347pt
* \oddsidemargin=-5.69046pt
* \evensidemargin=-5.69046pt
* \topmargin=-41.81825pt
* \headheight=12.0pt
* \headsep=14.45377pt
* \topskip=11.0pt
* \footskip=50.58878pt
* \marginparwidth=53.0pt
* \marginparsep=7.0pt
* \columnsep=10.0pt
* \skip\footins=10.0pt plus 4.0pt minus 2.0pt
* \hoffset=0.0pt
* \voffset=0.0pt
* \mag=1000
* \@twocolumnfalse
* \@twosidefalse
* \@mparswitchfalse
* \@reversemarginfalse
* (1in=72.27pt=25.4mm, 1cm=28.453pt)

\AtBeginShipoutBox=\box34
LaTeX Font Info:    Try loading font information for U+msa on input line 103.
("C:\Program Files\MiKTeX 2.9\tex\latex\amsfonts\umsa.fd"
File: umsa.fd 2013/01/14 v3.01 AMS symbols A
)
LaTeX Font Info:    Try loading font information for U+msb on input line 103.

("C:\Program Files\MiKTeX 2.9\tex\latex\amsfonts\umsb.fd"
File: umsb.fd 2013/01/14 v3.01 AMS symbols B
)
Package epstopdf Info: Source file: <figs/capa_fundo.eps>
(epstopdf)                    date: 2017-11-02 09:29:45
(epstopdf)                    size: 86311 bytes
(epstopdf)             Output file: <figs/capa_fundo-eps-converted-to.pdf>
(epstopdf)                    date: 2017-11-02 09:29:45
(epstopdf)                    size: 10747 bytes
(epstopdf)             Command: <epstopdf --outfile=figs/capa_fundo-eps-convert
ed-to.pdf figs/capa_fundo.eps>
(epstopdf)             \includegraphics on input line 103.
Package epstopdf Info: Output file is already uptodate.

<figs/capa_fundo-eps-converted-to.pdf, id=1, 813.0375pt x 1149.29375pt>
File: figs/capa_fundo-eps-converted-to.pdf Graphic file (type pdf)

<use figs/capa_fundo-eps-converted-to.pdf>
Package pdftex.def Info: figs/capa_fundo-eps-converted-to.pdf used on input lin
e 103.
(pdftex.def)             Requested size: 597.50787pt x 844.6594pt.
 [1


{C:/Users/bruno/AppData/Local/MiKTeX/2.9/pdftex/config/pdftex.map} <./figs/capa
_fundo-eps-converted-to.pdf>]
Underfull \hbox (badness 1968) in paragraph at lines 104--104
[]|\T1/cmr/m/n/10 Prof. Ale-xan-dre Ri-cardo So-a-res Ro-ma-riz,
 []

[1

] [1


] [1

]
\openout2 = `resumos.aux'.

 (resumos.tex) [1

] (relatorio.toc [2


])
\tf@toc=\write5
\openout5 = `relatorio.toc'.

 [3] (relatorio.lof [4

])
\tf@lof=\write6
\openout6 = `relatorio.lof'.


[5] (relatorio.lot)
\tf@lot=\write7
\openout7 = `relatorio.lot'.

 [6

]
\openout2 = `simbolos.aux'.

 (simbolos.tex [7


]
Overfull \hbox (0.8382pt too wide) in paragraph at lines 67--67
[]|$\OML/cmm/m/it/10.95 roll=pitch$| 
 []

[8]) [9]
\openout2 = `cap_Introducao.aux'.

 (cap_Introducao.tex
Cap\'{\i }tulo 1.
<Figuras/BigDog.png, id=64, 294.09875pt x 183.18437pt>
File: Figuras/BigDog.png Graphic file (type png)

<use Figuras/BigDog.png>
Package pdftex.def Info: Figuras/BigDog.png used on input line 18.
(pdftex.def)             Requested size: 371.48076pt x 231.38373pt.
 <Figuras/HyQ.png, id=65, 216.30812pt x 259.97125pt>
File: Figuras/HyQ.png Graphic file (type png)

<use Figuras/HyQ.png>
Package pdftex.def Info: Figuras/HyQ.png used on input line 30.
(pdftex.def)             Requested size: 232.17459pt x 279.05109pt.
 <Figuras/AIBO.jpg, id=66, 198.7425pt x 255.95625pt>
File: Figuras/AIBO.jpg Graphic file (type jpg)

<use Figuras/AIBO.jpg>
Package pdftex.def Info: Figuras/AIBO.jpg used on input line 40.
(pdftex.def)             Requested size: 139.30617pt x 179.41418pt.
 [1




] [2 <./Figuras/BigDog.png (PNG copy)>] [3 <./Figuras/HyQ.png (PNG copy)>] [4 <
./Figuras/AIBO.jpg>]
<Figuras/quadrupedeLARA.png, id=83, 217.81375pt x 188.705pt>
File: Figuras/quadrupedeLARA.png Graphic file (type png)

<use Figuras/quadrupedeLARA.png>
Package pdftex.def Info: Figuras/quadrupedeLARA.png used on input line 98.
(pdftex.def)             Requested size: 325.043pt x 281.60269pt.
) [5 <./Figuras/quadrupedeLARA.png (PNG copy)>] [6]
\openout2 = `cap_RevisaoBibliografica.aux'.

 (cap_RevisaoBibliografica.tex
Cap\'{\i }tulo 2.
[7



] <Figuras/Poligono1.png, id=94, 155.07938pt x 81.30376pt>
File: Figuras/Poligono1.png Graphic file (type png)

<use Figuras/Poligono1.png>
Package pdftex.def Info: Figuras/Poligono1.png used on input line 46.
(pdftex.def)             Requested size: 162.52504pt x 85.20769pt.

<Figuras/Poligono2.png, id=96, 169.13188pt x 74.77937pt>
File: Figuras/Poligono2.png Graphic file (type png)

<use Figuras/Poligono2.png>
Package pdftex.def Info: Figuras/Poligono2.png used on input line 46.
(pdftex.def)             Requested size: 185.73683pt x 82.12405pt.

<Figuras/Poligono3.png, id=97, 208.78pt x 79.29625pt>
File: Figuras/Poligono3.png Graphic file (type png)

<use Figuras/Poligono3.png>
Package pdftex.def Info: Figuras/Poligono3.png used on input line 48.
(pdftex.def)             Requested size: 208.9557pt x 79.36742pt.


LaTeX Warning: `h' float specifier changed to `ht'.

<Figuras/Margemlongitudinal.png, id=98, 628.59843pt x 415.5525pt>
File: Figuras/Margemlongitudinal.png Graphic file (type png)

<use Figuras/Margemlongitudinal.png>
Package pdftex.def Info: Figuras/Margemlongitudinal.png used on input line 57.
(pdftex.def)             Requested size: 325.043pt x 214.87744pt.
 [8] [9 <./Figuras/Poligono1.png> <./Figuras/Poligono2.png> <./Figuras/Poligono
3.png>] [10 <./Figuras/Margemlongitudinal.png>] <Figuras/Dinamico1.png, id=112,
 472.26437pt x 227.34938pt>
File: Figuras/Dinamico1.png Graphic file (type png)

<use Figuras/Dinamico1.png>
Package pdftex.def Info: Figuras/Dinamico1.png used on input line 101.
(pdftex.def)             Requested size: 325.043pt x 156.47923pt.
 [11 <./Figuras/Dinamico1.png (PNG copy)>]
<Figuras/Dinamico2.png, id=117, 449.42906pt x 343.2825pt>
File: Figuras/Dinamico2.png Graphic file (type png)

<use Figuras/Dinamico2.png>
Package pdftex.def Info: Figuras/Dinamico2.png used on input line 144.
(pdftex.def)             Requested size: 325.043pt x 248.28415pt.


LaTeX Warning: `h' float specifier changed to `ht'.

<Figuras/Umaperna.jpg, id=118, 321.2pt x 229.85875pt>
File: Figuras/Umaperna.jpg Graphic file (type jpg)

<use Figuras/Umaperna.jpg>
Package pdftex.def Info: Figuras/Umaperna.jpg used on input line 151.
(pdftex.def)             Requested size: 325.043pt x 232.61494pt.
 [12] [13 <./Figuras/Dinamico2.png>]
<Figuras/CGPrint.png, id=127, 367.3725pt x 185.19188pt>
File: Figuras/CGPrint.png Graphic file (type png)

<use Figuras/CGPrint.png>
Package pdftex.def Info: Figuras/CGPrint.png used on input line 181.
(pdftex.def)             Requested size: 325.043pt x 163.86511pt.
 [14 <./Figuras/Umaperna.jpg>]
<Figuras/PernasVirtuais.png, id=131, 341.275pt x 100.87688pt>
File: Figuras/PernasVirtuais.png Graphic file (type png)

<use Figuras/PernasVirtuais.png>
Package pdftex.def Info: Figuras/PernasVirtuais.png used on input line 202.
(pdftex.def)             Requested size: 325.043pt x 96.08492pt.

<Figuras/PernasVirtuais2.png, id=132, 426.84468pt x 275.52937pt>
File: Figuras/PernasVirtuais2.png Graphic file (type png)

<use Figuras/PernasVirtuais2.png>
Package pdftex.def Info: Figuras/PernasVirtuais2.png used on input line 211.
(pdftex.def)             Requested size: 325.043pt x 209.82912pt.
 [15 <./Figuras/CGPrint.png (PNG copy)> <./Figuras/PernasVirtuais.png (PNG copy
)>] [16 <./Figuras/PernasVirtuais2.png>]
<Figuras/SLIP.png, id=139, 517.935pt x 467.49657pt>
File: Figuras/SLIP.png Graphic file (type png)
 <use Figuras/SLIP.png>
Package pdftex.def Info: Figuras/SLIP.png used on input line 240.
(pdftex.def)             Requested size: 325.043pt x 293.40445pt.

<Figuras/SLIP2.png, id=140, 132.495pt x 176.15813pt>
File: Figuras/SLIP2.png Graphic file (type png)
 <use Figuras/SLIP2.png>
Package pdftex.def Info: Figuras/SLIP2.png used on input line 256.
(pdftex.def)             Requested size: 139.30617pt x 185.22684pt.

[17 <./Figuras/SLIP.png>] [18 <./Figuras/SLIP2.png (PNG copy)>]
<Figuras/SLIP3.png, id=148, 324.21124pt x 205.76875pt>
File: Figuras/SLIP3.png Graphic file (type png)
 <use Figuras/SLIP3.png>
Package pdftex.def Info: Figuras/SLIP3.png used on input line 297.
(pdftex.def)             Requested size: 325.043pt x 206.30827pt.

<Figuras/Balanco1.png, id=149, 451.6875pt x 295.85532pt>
File: Figuras/Balanco1.png Graphic file (type png)

<use Figuras/Balanco1.png>
Package pdftex.def Info: Figuras/Balanco1.png used on input line 310.
(pdftex.def)             Requested size: 325.043pt x 212.91634pt.
 [19 <./Figuras/SLIP3.png (PNG copy)>]
<Figuras/Balanco2.png, id=153, 292.09125pt x 214.30063pt>
File: Figuras/Balanco2.png Graphic file (type png)

<use Figuras/Balanco2.png>
Package pdftex.def Info: Figuras/Balanco2.png used on input line 344.
(pdftex.def)             Requested size: 325.043pt x 238.49779pt.


LaTeX Warning: `h' float specifier changed to `ht'.

<Figuras/Balanco3.png, id=154, 330.73563pt x 136.00812pt>
File: Figuras/Balanco3.png Graphic file (type png)

<use Figuras/Balanco3.png>
Package pdftex.def Info: Figuras/Balanco3.png used on input line 352.
(pdftex.def)             Requested size: 325.043pt x 133.67305pt.
 [20 <./Figuras/Balanco1.png>]
<Figuras/LAR.png, id=158, 359.3425pt x 88.33pt>
File: Figuras/LAR.png Graphic file (type png)
 <use Figuras/LAR.png>
Package pdftex.def Info: Figuras/LAR.png used on input line 365.
(pdftex.def)             Requested size: 325.043pt x 79.90463pt.
 [21 <./Figuras/Balanco2.png (PNG copy)> <./Figuras/Balanco3.png (PNG copy)>]
<Figuras/LAR2.png, id=162, 365.365pt x 108.405pt>
File: Figuras/LAR2.png Graphic file (type png)
 <use Figuras/LAR2.png>
Package pdftex.def Info: Figuras/LAR2.png used on input line 374.
(pdftex.def)             Requested size: 325.043pt x 96.44539pt.

<Figuras/LAR3.png, id=163, 533.74406pt x 175.40532pt>
File: Figuras/LAR3.png Graphic file (type png)
 <use Figuras/LAR3.png>
Package pdftex.def Info: Figuras/LAR3.png used on input line 400.
(pdftex.def)             Requested size: 394.69963pt x 129.71492pt.

<Figuras/LAR4a.png, id=164, 557.08125pt x 400.49625pt>
File: Figuras/LAR4a.png Graphic file (type png)
 <use Figuras/LAR4a.png>
Package pdftex.def Info: Figuras/LAR4a.png used on input line 409.
(pdftex.def)             Requested size: 162.52504pt x 116.8376pt.

<Figuras/LAR4b.png, id=165, 373.89688pt x 278.03876pt>
File: Figuras/LAR4b.png Graphic file (type png)
 <use Figuras/LAR4b.png>
Package pdftex.def Info: Figuras/LAR4b.png used on input line 409.
(pdftex.def)             Requested size: 148.59514pt x 110.49654pt.

[22 <./Figuras/LAR.png (PNG copy)> <./Figuras/LAR2.png (PNG copy)>] [23 <./Figu
ras/LAR3.png> <./Figuras/LAR4a.png> <./Figuras/LAR4b.png (PNG copy)>]
<Figuras/LAR5.png, id=172, 398.99063pt x 413.29407pt>
File: Figuras/LAR5.png Graphic file (type png)
 <use Figuras/LAR5.png>
Package pdftex.def Info: Figuras/LAR5.png used on input line 435.
(pdftex.def)             Requested size: 232.17459pt x 240.49901pt.

[24 <./Figuras/LAR5.png>] [25] [26] [27]
<Figuras/ganho1.jpg, id=189, 246.9225pt x 243.40938pt>
File: Figuras/ganho1.jpg Graphic file (type jpg)

<use Figuras/ganho1.jpg>
Package pdftex.def Info: Figuras/ganho1.jpg used on input line 572.
(pdftex.def)             Requested size: 232.17459pt x 228.86797pt.
 [28 <./Figuras/ganho1.jpg>]
<Figuras/quadrupededof.jpg, id=193, 314.67563pt x 282.55562pt>
File: Figuras/quadrupededof.jpg Graphic file (type jpg)

<use Figuras/quadrupededof.jpg>
Package pdftex.def Info: Figuras/quadrupededof.jpg used on input line 594.
(pdftex.def)             Requested size: 232.17459pt x 208.47565pt.

<Figuras/realimentacao.jpg, id=194, 416.30531pt x 167.12437pt>
File: Figuras/realimentacao.jpg Graphic file (type jpg)

<use Figuras/realimentacao.jpg>
Package pdftex.def Info: Figuras/realimentacao.jpg used on input line 603.
(pdftex.def)             Requested size: 371.48076pt x 149.13547pt.

<Figuras/pernaredundante.jpg, id=195, 242.40562pt x 178.16562pt>
File: Figuras/pernaredundante.jpg Graphic file (type jpg)

<use Figuras/pernaredundante.jpg>
Package pdftex.def Info: Figuras/pernaredundante.jpg used on input line 612.
(pdftex.def)             Requested size: 232.17459pt x 170.65372pt.
 [29 <./Figuras/quadrupededof.jpg>] [30 <./Figuras/realimentacao.jpg>] [31 <./F
iguras/pernaredundante.jpg>]
<Figuras/respostassensoriais2.jpg, id=206, 297.11pt x 110.91437pt>
File: Figuras/respostassensoriais2.jpg Graphic file (type jpg)

<use Figuras/respostassensoriais2.jpg>
Package pdftex.def Info: Figuras/respostassensoriais2.jpg used on input line 66
7.
(pdftex.def)             Requested size: 325.043pt x 121.34781pt.
 [32 <./Figuras/respostassensoriais2.jpg>]) [33]
\openout2 = `cap_Desenvolvimento.aux'.

 (cap_Desenvolvimento.tex
Cap\'{\i }tulo 3.
<Figuras/robo1.png, id=213, 300.3722pt x 202.50656pt>
File: Figuras/robo1.png Graphic file (type png)
 <use Figuras/robo1.png>
Package pdftex.def Info: Figuras/robo1.png used on input line 27.
(pdftex.def)             Requested size: 232.17459pt x 156.53307pt.

[34



] [35 <./Figuras/robo1.png (PNG copy)>]
<Figuras/motor.png, id=220, 208.52907pt x 186.6975pt>
File: Figuras/motor.png Graphic file (type png)
 <use Figuras/motor.png>
Package pdftex.def Info: Figuras/motor.png used on input line 71.
(pdftex.def)             Requested size: 185.73683pt x 166.29984pt.

<Figuras/modoposicao.png, id=221, 285.31593pt x 207.77625pt>
File: Figuras/modoposicao.png Graphic file (type png)

<use Figuras/modoposicao.png>
Package pdftex.def Info: Figuras/modoposicao.png used on input line 89.
(pdftex.def)             Requested size: 232.17459pt x 169.07774pt.
 [36 <./Figuras/motor.png (PNG copy)>]
<Figuras/Robo_rolagem.png, id=226, 522.95375pt x 349.305pt>
File: Figuras/Robo_rolagem.png Graphic file (type png)

<use Figuras/Robo_rolagem.png>
Package pdftex.def Info: Figuras/Robo_rolagem.png used on input line 113.
(pdftex.def)             Requested size: 185.73683pt x 124.06543pt.

<Figuras/Robo_arfagem.png, id=227, 367.3725pt x 237.38687pt>
File: Figuras/Robo_arfagem.png Graphic file (type png)

<use Figuras/Robo_arfagem.png>
Package pdftex.def Info: Figuras/Robo_arfagem.png used on input line 113.
(pdftex.def)             Requested size: 185.73683pt x 120.01888pt.
 [37 <./Figuras/modoposicao.png>]
<Figuras/Arquitetura.png, id=231, 343.78438pt x 328.72812pt>
File: Figuras/Arquitetura.png Graphic file (type png)

<use Figuras/Arquitetura.png>
Package pdftex.def Info: Figuras/Arquitetura.png used on input line 129.
(pdftex.def)             Requested size: 371.48076pt x 355.21169pt.


LaTeX Warning: `h' float specifier changed to `ht'.

[38 <./Figuras/Robo_rolagem.png> <./Figuras/Robo_arfagem.png>] [39 <./Figuras/A
rquitetura.png (PNG copy)>]
<Figuras/sistemaembarcado.jpg, id=239, 3276.24pt x 2457.18pt>
File: Figuras/sistemaembarcado.jpg Graphic file (type jpg)

<use Figuras/sistemaembarcado.jpg>
Package pdftex.def Info: Figuras/sistemaembarcado.jpg used on input line 147.
(pdftex.def)             Requested size: 325.043pt x 243.78273pt.
 [40 <./Figuras/sistemaembarcado.jpg>]
[41] <Figuras/Diagrama2.png, id=247, 1310.8975pt x 397.485pt>
File: Figuras/Diagrama2.png Graphic file (type png)

<use Figuras/Diagrama2.png>
Package pdftex.def Info: Figuras/Diagrama2.png used on input line 215.
(pdftex.def)             Requested size: 325.043pt x 98.55827pt.
 [42 <./Figuras/Diagrama2.png>]
<Figuras/Diagrama3.png, id=253, 1711.39375pt x 416.55624pt>
File: Figuras/Diagrama3.png Graphic file (type png)

<use Figuras/Diagrama3.png>
Package pdftex.def Info: Figuras/Diagrama3.png used on input line 251.
(pdftex.def)             Requested size: 464.34918pt x 113.01831pt.
 [43 <./Figuras/Diagrama3.png>]
<Figuras/Diagrama4.png, id=258, 2152.04pt x 361.35pt>
File: Figuras/Diagrama4.png Graphic file (type png)

<use Figuras/Diagrama4.png>
Package pdftex.def Info: Figuras/Diagrama4.png used on input line 273.
(pdftex.def)             Requested size: 510.78693pt x 85.76637pt.

Overfull \hbox (46.43774pt too wide) in paragraph at lines 273--274
 [][] 
 []

[44 <./Figuras/Diagrama4.png>]
<Figuras/robo4b.png, id=264, 306.64563pt x 158.5925pt>
File: Figuras/robo4b.png Graphic file (type png)

<use Figuras/robo4b.png>
Package pdftex.def Info: Figuras/robo4b.png used on input line 293.
(pdftex.def)             Requested size: 417.91142pt x 216.14995pt.
 [45 <./Figuras/robo4b.png>]
<Figuras/robo5b.png, id=269, 298.61563pt x 166.6225pt>
File: Figuras/robo5b.png Graphic file (type png)

<use Figuras/robo5b.png>
Package pdftex.def Info: Figuras/robo5b.png used on input line 314.
(pdftex.def)             Requested size: 325.043pt x 181.38101pt.

<Figuras/robo3b.png, id=270, 294.09875pt x 165.61874pt>
File: Figuras/robo3b.png Graphic file (type png)

<use Figuras/robo3b.png>
Package pdftex.def Info: Figuras/robo3b.png used on input line 315.
(pdftex.def)             Requested size: 325.043pt x 183.04546pt.
 [46 <./Figuras/robo5b.png> <./Figuras/robo3b.png>]
<Figuras/Robo_direita.png, id=276, 487.8225pt x 271.0125pt>
File: Figuras/Robo_direita.png Graphic file (type png)

<use Figuras/Robo_direita.png>
Package pdftex.def Info: Figuras/Robo_direita.png used on input line 334.
(pdftex.def)             Requested size: 185.73683pt x 103.18845pt.

<Figuras/Robo_frente.png, id=277, 376.40625pt x 183.18437pt>
File: Figuras/Robo_frente.png Graphic file (type png)

<use Figuras/Robo_frente.png>
Package pdftex.def Info: Figuras/Robo_frente.png used on input line 334.
(pdftex.def)             Requested size: 185.73683pt x 90.39282pt.
 [47 <./Figuras/Robo_direita.png> <./Figuras/Robo_frente.png>] [48]
<Figuras/Aterrissagem.png, id=286, 822.07124pt x 360.34625pt>
File: Figuras/Aterrissagem.png Graphic file (type png)

<use Figuras/Aterrissagem.png>
Package pdftex.def Info: Figuras/Aterrissagem.png used on input line 371.
(pdftex.def)             Requested size: 325.043pt x 142.47542pt.
 [49 <./Figuras/Aterrissagem.png>]
<Figuras/Diagrama5.png, id=290, 1001.7425pt x 584.1825pt>
File: Figuras/Diagrama5.png Graphic file (type png)

<use Figuras/Diagrama5.png>
Package pdftex.def Info: Figuras/Diagrama5.png used on input line 397.
(pdftex.def)             Requested size: 325.043pt x 189.55399pt.
 [50 <./Figuras/Diagrama5.png>] [51] [52]
<Figuras/DiagramaPrograma.jpg, id=302, 943.27406pt x 1042.64531pt>
File: Figuras/DiagramaPrograma.jpg Graphic file (type jpg)

<use Figuras/DiagramaPrograma.jpg>
Package pdftex.def Info: Figuras/DiagramaPrograma.jpg used on input line 512.
(pdftex.def)             Requested size: 325.043pt x 359.28346pt.
 [53] [54 <./Figuras/DiagramaPrograma.jpg>])
[55]
\openout2 = `cap_Experimentos.aux'.

 (cap_Experimentos.tex
Cap\'{\i }tulo 4.
[56



] <Figuras/Angulos_ruidob.jpg, id=316, 421.575pt x 316.18124pt>
File: Figuras/Angulos_ruidob.jpg Graphic file (type jpg)

<use Figuras/Angulos_ruidob.jpg>
Package pdftex.def Info: Figuras/Angulos_ruidob.jpg used on input line 31.
(pdftex.def)             Requested size: 278.61234pt x 208.9649pt.
 [57 <./Figuras/Angulos_ruidob.jpg>]
Package epstopdf Info: Source file: <Figuras/Filtro_rolld.eps>
(epstopdf)                    date: 2017-12-05 11:14:46
(epstopdf)                    size: 103505 bytes
(epstopdf)             Output file: <Figuras/Filtro_rolld-eps-converted-to.pdf>

(epstopdf)                    date: 2017-12-05 11:15:03
(epstopdf)                    size: 5988 bytes
(epstopdf)             Command: <epstopdf --outfile=Figuras/Filtro_rolld-eps-co
nverted-to.pdf Figuras/Filtro_rolld.eps>
(epstopdf)             \includegraphics on input line 73.
Package epstopdf Info: Output file is already uptodate.

<Figuras/Filtro_rolld-eps-converted-to.pdf, id=320, 421.575pt x 316.18124pt>
File: Figuras/Filtro_rolld-eps-converted-to.pdf Graphic file (type pdf)

<use Figuras/Filtro_rolld-eps-converted-to.pdf>
Package pdftex.def Info: Figuras/Filtro_rolld-eps-converted-to.pdf used on inpu
t line 73.
(pdftex.def)             Requested size: 301.82413pt x 226.37181pt.
Package epstopdf Info: Source file: <Figuras/Filtro_pitchc.eps>
(epstopdf)                    date: 2017-12-05 11:14:24
(epstopdf)                    size: 105142 bytes
(epstopdf)             Output file: <Figuras/Filtro_pitchc-eps-converted-to.pdf
>
(epstopdf)                    date: 2017-12-05 11:15:04
(epstopdf)                    size: 6179 bytes
(epstopdf)             Command: <epstopdf --outfile=Figuras/Filtro_pitchc-eps-c
onverted-to.pdf Figuras/Filtro_pitchc.eps>
(epstopdf)             \includegraphics on input line 74.
Package epstopdf Info: Output file is already uptodate.

<Figuras/Filtro_pitchc-eps-converted-to.pdf, id=321, 421.575pt x 316.18124pt>
File: Figuras/Filtro_pitchc-eps-converted-to.pdf Graphic file (type pdf)

<use Figuras/Filtro_pitchc-eps-converted-to.pdf>
Package pdftex.def Info: Figuras/Filtro_pitchc-eps-converted-to.pdf used on inp
ut line 74.
(pdftex.def)             Requested size: 301.82413pt x 226.37181pt.
 [58] [59 <./Figuras/Filtro_rolld-eps-converted-to.pdf> <./Figuras/Filtro_pitch
c-eps-converted-to.pdf>]
<Figuras/robo_real2.png, id=342, 497.86pt x 341.77687pt>
File: Figuras/robo_real2.png Graphic file (type png)

<use Figuras/robo_real2.png>
Package pdftex.def Info: Figuras/robo_real2.png used on input line 133.
(pdftex.def)             Requested size: 278.61234pt x 191.26857pt.
 [60]
Package epstopdf Info: Source file: <Figuras/Modo_velocidade1c.eps>
(epstopdf)                    date: 2017-12-05 22:24:18
(epstopdf)                    size: 103395 bytes
(epstopdf)             Output file: <Figuras/Modo_velocidade1c-eps-converted-to
.pdf>
(epstopdf)                    date: 2017-12-05 22:24:23
(epstopdf)                    size: 5626 bytes
(epstopdf)             Command: <epstopdf --outfile=Figuras/Modo_velocidade1c-e
ps-converted-to.pdf Figuras/Modo_velocidade1c.eps>
(epstopdf)             \includegraphics on input line 147.
Package epstopdf Info: Output file is already uptodate.

<Figuras/Modo_velocidade1c-eps-converted-to.pdf, id=347, 421.575pt x 316.18124p
t>
File: Figuras/Modo_velocidade1c-eps-converted-to.pdf Graphic file (type pdf)
 <use Figuras/Modo_velocidade1c-eps-converted-to.pdf>
Package pdftex.def Info: Figuras/Modo_velocidade1c-eps-converted-to.pdf used on
 input line 147.
(pdftex.def)             Requested size: 232.17459pt x 174.13179pt.

<Figuras/Modo_velocidade2c.jpg, id=348, 281.05pt x 210.7875pt>
File: Figuras/Modo_velocidade2c.jpg Graphic file (type jpg)

<use Figuras/Modo_velocidade2c.jpg>
Package pdftex.def Info: Figuras/Modo_velocidade2c.jpg used on input line 147.
(pdftex.def)             Requested size: 232.17459pt x 174.13019pt.

<Figuras/Modo_velocidade3c.jpg, id=349, 281.05pt x 210.7875pt>
File: Figuras/Modo_velocidade3c.jpg Graphic file (type jpg)

<use Figuras/Modo_velocidade3c.jpg>
Package pdftex.def Info: Figuras/Modo_velocidade3c.jpg used on input line 148.
(pdftex.def)             Requested size: 232.17459pt x 174.13019pt.

Overfull \hbox (25.4063pt too wide) in paragraph at lines 147--149
 [][] 
 []

Package epstopdf Info: Source file: <Figuras/Modo_velocidade4c.eps>
(epstopdf)                    date: 2017-12-05 22:15:14
(epstopdf)                    size: 101869 bytes
(epstopdf)             Output file: <Figuras/Modo_velocidade4c-eps-converted-to
.pdf>
(epstopdf)                    date: 2017-12-05 22:15:24
(epstopdf)                    size: 4860 bytes
(epstopdf)             Command: <epstopdf --outfile=Figuras/Modo_velocidade4c-e
ps-converted-to.pdf Figuras/Modo_velocidade4c.eps>
(epstopdf)             \includegraphics on input line 156.
Package epstopdf Info: Output file is already uptodate.

<Figuras/Modo_velocidade4c-eps-converted-to.pdf, id=350, 421.575pt x 316.18124p
t>
File: Figuras/Modo_velocidade4c-eps-converted-to.pdf Graphic file (type pdf)
 <use Figuras/Modo_velocidade4c-eps-converted-to.pdf>
Package pdftex.def Info: Figuras/Modo_velocidade4c-eps-converted-to.pdf used on
 input line 156.
(pdftex.def)             Requested size: 278.61234pt x 208.9649pt.
 [61 <./Figuras/robo_real2.png>]
Package epstopdf Info: Source file: <Figuras/Modo_posicao1c.eps>
(epstopdf)                    date: 2017-12-05 22:25:13
(epstopdf)                    size: 107800 bytes
(epstopdf)             Output file: <Figuras/Modo_posicao1c-eps-converted-to.pd
f>
(epstopdf)                    date: 2017-12-05 22:25:17
(epstopdf)                    size: 6793 bytes
(epstopdf)             Command: <epstopdf --outfile=Figuras/Modo_posicao1c-eps-
converted-to.pdf Figuras/Modo_posicao1c.eps>
(epstopdf)             \includegraphics on input line 175.
Package epstopdf Info: Output file is already uptodate.

<Figuras/Modo_posicao1c-eps-converted-to.pdf, id=354, 421.575pt x 316.18124pt>
File: Figuras/Modo_posicao1c-eps-converted-to.pdf Graphic file (type pdf)

<use Figuras/Modo_posicao1c-eps-converted-to.pdf>
Package pdftex.def Info: Figuras/Modo_posicao1c-eps-converted-to.pdf used on in
put line 175.
(pdftex.def)             Requested size: 232.17459pt x 174.13179pt.

<Figuras/Modo_posicao2c.jpg, id=355, 281.05pt x 210.7875pt>
File: Figuras/Modo_posicao2c.jpg Graphic file (type jpg)

<use Figuras/Modo_posicao2c.jpg>
Package pdftex.def Info: Figuras/Modo_posicao2c.jpg used on input line 175.
(pdftex.def)             Requested size: 232.17459pt x 174.13019pt.

<Figuras/Modo_posicao3c.jpg, id=356, 281.05pt x 210.7875pt>
File: Figuras/Modo_posicao3c.jpg Graphic file (type jpg)

<use Figuras/Modo_posicao3c.jpg>
Package pdftex.def Info: Figuras/Modo_posicao3c.jpg used on input line 176.
(pdftex.def)             Requested size: 232.17459pt x 174.13019pt.

Overfull \hbox (25.4063pt too wide) in paragraph at lines 175--177
 [][] 
 []

[62 <./Figuras/Modo_velocidade1c-eps-converted-to.pdf> <./Figuras/Modo_velocida
de2c.jpg> <./Figuras/Modo_velocidade3c.jpg>] [63 <./Figuras/Modo_velocidade4c-e
ps-converted-to.pdf>] [64 <./Figuras/Modo_posicao1c-eps-converted-to.pdf> <./Fi
guras/Modo_posicao2c.jpg> <./Figuras/Modo_posicao3c.jpg>]
<Figuras/Kdown10.png, id=387, 1339.0025pt x 752.8125pt>
File: Figuras/Kdown10.png Graphic file (type png)

<use Figuras/Kdown10.png>
Package pdftex.def Info: Figuras/Kdown10.png used on input line 209.
(pdftex.def)             Requested size: 278.61234pt x 156.63644pt.

<Figuras/Kdown04.png, id=388, 1339.0025pt x 752.8125pt>
File: Figuras/Kdown04.png Graphic file (type png)

<use Figuras/Kdown04.png>
Package pdftex.def Info: Figuras/Kdown04.png used on input line 220.
(pdftex.def)             Requested size: 325.043pt x 182.74634pt.
 [65 <./Figuras/Kdown10.png>]
Package epstopdf Info: Source file: <Figuras/Queda_Roll_R_1c.eps>
(epstopdf)                    date: 2017-12-05 22:27:45
(epstopdf)                    size: 104440 bytes
(epstopdf)             Output file: <Figuras/Queda_Roll_R_1c-eps-converted-to.p
df>
(epstopdf)                    date: 2017-12-05 22:27:50
(epstopdf)                    size: 5745 bytes
(epstopdf)             Command: <epstopdf --outfile=Figuras/Queda_Roll_R_1c-eps
-converted-to.pdf Figuras/Queda_Roll_R_1c.eps>
(epstopdf)             \includegraphics on input line 240.
Package epstopdf Info: Output file is already uptodate.

<Figuras/Queda_Roll_R_1c-eps-converted-to.pdf, id=392, 421.575pt x 316.18124pt>
File: Figuras/Queda_Roll_R_1c-eps-converted-to.pdf Graphic file (type pdf)
<use Figuras/Queda_Roll_R_1c-eps-converted-to.pdf>
Package pdftex.def Info: Figuras/Queda_Roll_R_1c-eps-converted-to.pdf used on i
nput line 240.
(pdftex.def)             Requested size: 301.82413pt x 226.37181pt.

<Figuras/Queda_Roll_R_2c.jpg, id=393, 274.02374pt x 221.82875pt>
File: Figuras/Queda_Roll_R_2c.jpg Graphic file (type jpg)

<use Figuras/Queda_Roll_R_2c.jpg>
Package pdftex.def Info: Figuras/Queda_Roll_R_2c.jpg used on input line 241.
(pdftex.def)             Requested size: 278.61234pt x 225.56165pt.
 [66 <./Figuras/Kdown04.png>]
Package epstopdf Info: Source file: <Figuras/Queda_Roll_R_3c.eps>
(epstopdf)                    date: 2017-12-05 22:29:33
(epstopdf)                    size: 103261 bytes
(epstopdf)             Output file: <Figuras/Queda_Roll_R_3c-eps-converted-to.p
df>
(epstopdf)                    date: 2017-12-05 22:29:38
(epstopdf)                    size: 5811 bytes
(epstopdf)             Command: <epstopdf --outfile=Figuras/Queda_Roll_R_3c-eps
-converted-to.pdf Figuras/Queda_Roll_R_3c.eps>
(epstopdf)             \includegraphics on input line 257.
Package epstopdf Info: Output file is already uptodate.

<Figuras/Queda_Roll_R_3c-eps-converted-to.pdf, id=398, 421.575pt x 316.18124pt>
File: Figuras/Queda_Roll_R_3c-eps-converted-to.pdf Graphic file (type pdf)
<use Figuras/Queda_Roll_R_3c-eps-converted-to.pdf>
Package pdftex.def Info: Figuras/Queda_Roll_R_3c-eps-converted-to.pdf used on i
nput line 257.
(pdftex.def)             Requested size: 232.17459pt x 174.13179pt.

<Figuras/Queda_Roll_R_4c.jpg, id=399, 281.05pt x 210.7875pt>
File: Figuras/Queda_Roll_R_4c.jpg Graphic file (type jpg)

<use Figuras/Queda_Roll_R_4c.jpg>
Package pdftex.def Info: Figuras/Queda_Roll_R_4c.jpg used on input line 257.
(pdftex.def)             Requested size: 232.17459pt x 174.13019pt.

<Figuras/Queda_Roll_R_5c.jpg, id=400, 281.05pt x 210.7875pt>
File: Figuras/Queda_Roll_R_5c.jpg Graphic file (type jpg)

<use Figuras/Queda_Roll_R_5c.jpg>
Package pdftex.def Info: Figuras/Queda_Roll_R_5c.jpg used on input line 258.
(pdftex.def)             Requested size: 232.17459pt x 174.13019pt.

Overfull \hbox (25.4063pt too wide) in paragraph at lines 257--259
 [][] 
 []

[67 <./Figuras/Queda_Roll_R_1c-eps-converted-to.pdf> <./Figuras/Queda_Roll_R_2c
.jpg>] [68 <./Figuras/Queda_Roll_R_3c-eps-converted-to.pdf> <./Figuras/Queda_Ro
ll_R_4c.jpg> <./Figuras/Queda_Roll_R_5c.jpg>]
<Figuras/robo_real1.png, id=421, 501.37312pt x 368.37625pt>
File: Figuras/robo_real1.png Graphic file (type png)

<use Figuras/robo_real1.png>
Package pdftex.def Info: Figuras/robo_real1.png used on input line 278.
(pdftex.def)             Requested size: 278.61234pt x 204.71541pt.
 [69 <./Figuras/robo_real1.png>]
Package epstopdf Info: Source file: <Figuras/Queda_Pitch_F_1c.eps>
(epstopdf)                    date: 2017-12-05 22:31:16
(epstopdf)                    size: 102388 bytes
(epstopdf)             Output file: <Figuras/Queda_Pitch_F_1c-eps-converted-to.
pdf>
(epstopdf)                    date: 2017-12-05 22:31:21
(epstopdf)                    size: 5220 bytes
(epstopdf)             Command: <epstopdf --outfile=Figuras/Queda_Pitch_F_1c-ep
s-converted-to.pdf Figuras/Queda_Pitch_F_1c.eps>
(epstopdf)             \includegraphics on input line 294.
Package epstopdf Info: Output file is already uptodate.

<Figuras/Queda_Pitch_F_1c-eps-converted-to.pdf, id=425, 421.575pt x 316.18124pt
>
File: Figuras/Queda_Pitch_F_1c-eps-converted-to.pdf Graphic file (type pdf)
 <use Figuras/Queda_Pitch_F_1c-eps-converted-to.pdf>
Package pdftex.def Info: Figuras/Queda_Pitch_F_1c-eps-converted-to.pdf used on 
input line 294.
(pdftex.def)             Requested size: 232.17459pt x 174.13179pt.

<Figuras/Queda_Pitch_F_2c.jpg, id=426, 281.05pt x 210.7875pt>
File: Figuras/Queda_Pitch_F_2c.jpg Graphic file (type jpg)

<use Figuras/Queda_Pitch_F_2c.jpg>
Package pdftex.def Info: Figuras/Queda_Pitch_F_2c.jpg used on input line 294.
(pdftex.def)             Requested size: 232.17459pt x 174.13019pt.

<Figuras/Queda_Pitch_F_3c.jpg, id=427, 281.05pt x 210.7875pt>
File: Figuras/Queda_Pitch_F_3c.jpg Graphic file (type jpg)

<use Figuras/Queda_Pitch_F_3c.jpg>
Package pdftex.def Info: Figuras/Queda_Pitch_F_3c.jpg used on input line 295.
(pdftex.def)             Requested size: 232.17459pt x 174.13019pt.

Overfull \hbox (25.4063pt too wide) in paragraph at lines 294--296
 [][] 
 []

Package epstopdf Info: Source file: <Figuras/Queda_Todos1c.eps>
(epstopdf)                    date: 2017-12-05 22:32:06
(epstopdf)                    size: 105329 bytes
(epstopdf)             Output file: <Figuras/Queda_Todos1c-eps-converted-to.pdf
>
(epstopdf)                    date: 2017-12-05 22:32:11
(epstopdf)                    size: 5677 bytes
(epstopdf)             Command: <epstopdf --outfile=Figuras/Queda_Todos1c-eps-c
onverted-to.pdf Figuras/Queda_Todos1c.eps>
(epstopdf)             \includegraphics on input line 310.
Package epstopdf Info: Output file is already uptodate.
<Figuras/Queda_Todos1c-eps-converted-to.pdf, id=428, 421.575pt x 316.18124pt>
File: Figuras/Queda_Todos1c-eps-converted-to.pdf Graphic file (type pdf)

<use Figuras/Queda_Todos1c-eps-converted-to.pdf>
Package pdftex.def Info: Figuras/Queda_Todos1c-eps-converted-to.pdf used on inp
ut line 310.
(pdftex.def)             Requested size: 232.17459pt x 174.13179pt.

<Figuras/Queda_Todos2c.jpg, id=429, 281.05pt x 210.7875pt>
File: Figuras/Queda_Todos2c.jpg Graphic file (type jpg)

<use Figuras/Queda_Todos2c.jpg>
Package pdftex.def Info: Figuras/Queda_Todos2c.jpg used on input line 310.
(pdftex.def)             Requested size: 232.17459pt x 174.13019pt.

<Figuras/Queda_Todos3c.jpg, id=430, 281.05pt x 210.7875pt>
File: Figuras/Queda_Todos3c.jpg Graphic file (type jpg)

<use Figuras/Queda_Todos3c.jpg>
Package pdftex.def Info: Figuras/Queda_Todos3c.jpg used on input line 311.
(pdftex.def)             Requested size: 232.17459pt x 174.13019pt.

Overfull \hbox (25.4063pt too wide) in paragraph at lines 310--312
 [][] 
 []

[70 <./Figuras/Queda_Pitch_F_1c-eps-converted-to.pdf> <./Figuras/Queda_Pitch_F_
2c.jpg> <./Figuras/Queda_Pitch_F_3c.jpg>] [71 <./Figuras/Queda_Todos1c-eps-conv
erted-to.pdf> <./Figuras/Queda_Todos2c.jpg> <./Figuras/Queda_Todos3c.jpg>]
[72] <Figuras/taud_001R.jpg, id=455, 281.05pt x 210.7875pt>
File: Figuras/taud_001R.jpg Graphic file (type jpg)

<use Figuras/taud_001R.jpg>
Package pdftex.def Info: Figuras/taud_001R.jpg used on input line 345.
(pdftex.def)             Requested size: 208.9557pt x 156.71684pt.

<Figuras/taud_001F.jpg, id=456, 281.05pt x 210.7875pt>
File: Figuras/taud_001F.jpg Graphic file (type jpg)

<use Figuras/taud_001F.jpg>
Package pdftex.def Info: Figuras/taud_001F.jpg used on input line 345.
(pdftex.def)             Requested size: 208.9557pt x 156.71684pt.

<Figuras/taud_005_R.jpg, id=457, 281.05pt x 210.7875pt>
File: Figuras/taud_005_R.jpg Graphic file (type jpg)

<use Figuras/taud_005_R.jpg>
Package pdftex.def Info: Figuras/taud_005_R.jpg used on input line 360.
(pdftex.def)             Requested size: 208.9557pt x 156.71684pt.

<Figuras/taud_005_P.jpg, id=458, 281.05pt x 210.7875pt>
File: Figuras/taud_005_P.jpg Graphic file (type jpg)

<use Figuras/taud_005_P.jpg>
Package pdftex.def Info: Figuras/taud_005_P.jpg used on input line 360.
(pdftex.def)             Requested size: 208.9557pt x 156.71684pt.
 [73 <./Figuras/taud_001R.jpg> <./Figuras/taud_001F.jpg>] <Figuras/taud_010_R.j
pg, id=462, 281.05pt x 210.7875pt>
File: Figuras/taud_010_R.jpg Graphic file (type jpg)

<use Figuras/taud_010_R.jpg>
Package pdftex.def Info: Figuras/taud_010_R.jpg used on input line 375.
(pdftex.def)             Requested size: 208.9557pt x 156.71684pt.

<Figuras/taud_010_P.jpg, id=463, 281.05pt x 210.7875pt>
File: Figuras/taud_010_P.jpg Graphic file (type jpg)

<use Figuras/taud_010_P.jpg>
Package pdftex.def Info: Figuras/taud_010_P.jpg used on input line 375.
(pdftex.def)             Requested size: 208.9557pt x 156.71684pt.

<Figuras/taud_030_R.jpg, id=464, 281.05pt x 210.7875pt>
File: Figuras/taud_030_R.jpg Graphic file (type jpg)

<use Figuras/taud_030_R.jpg>
Package pdftex.def Info: Figuras/taud_030_R.jpg used on input line 386.
(pdftex.def)             Requested size: 208.9557pt x 156.71684pt.

<Figuras/taud_030_P.jpg, id=465, 281.05pt x 210.7875pt>
File: Figuras/taud_030_P.jpg Graphic file (type jpg)

<use Figuras/taud_030_P.jpg>
Package pdftex.def Info: Figuras/taud_030_P.jpg used on input line 386.
(pdftex.def)             Requested size: 208.9557pt x 156.71684pt.
 [74 <./Figuras/taud_005_R.jpg> <./Figuras/taud_005_P.jpg> <./Figuras/taud_010_
R.jpg> <./Figuras/taud_010_P.jpg>] [75 <./Figuras/taud_030_R.jpg> <./Figuras/ta
ud_030_P.jpg>]
<Figuras/taup_01Rb.jpg, id=472, 281.05pt x 210.7875pt>
File: Figuras/taup_01Rb.jpg Graphic file (type jpg)

<use Figuras/taup_01Rb.jpg>
Package pdftex.def Info: Figuras/taup_01Rb.jpg used on input line 427.
(pdftex.def)             Requested size: 208.9557pt x 156.71684pt.

<Figuras/taup_01Pb.jpg, id=473, 281.05pt x 210.7875pt>
File: Figuras/taup_01Pb.jpg Graphic file (type jpg)

<use Figuras/taup_01Pb.jpg>
Package pdftex.def Info: Figuras/taup_01Pb.jpg used on input line 427.
(pdftex.def)             Requested size: 208.9557pt x 156.71684pt.

<Figuras/taup_03Rb.jpg, id=474, 297.11pt x 217.81375pt>
File: Figuras/taup_03Rb.jpg Graphic file (type jpg)

<use Figuras/taup_03Rb.jpg>
Package pdftex.def Info: Figuras/taup_03Rb.jpg used on input line 440.
(pdftex.def)             Requested size: 208.9557pt x 153.1931pt.

<Figuras/taup_03Pb.jpg, id=475, 281.05pt x 210.7875pt>
File: Figuras/taup_03Pb.jpg Graphic file (type jpg)

<use Figuras/taup_03Pb.jpg>
Package pdftex.def Info: Figuras/taup_03Pb.jpg used on input line 440.
(pdftex.def)             Requested size: 208.9557pt x 156.71684pt.

<Figuras/taup_05Rb.jpg, id=476, 281.05pt x 210.7875pt>
File: Figuras/taup_05Rb.jpg Graphic file (type jpg)

<use Figuras/taup_05Rb.jpg>
Package pdftex.def Info: Figuras/taup_05Rb.jpg used on input line 451.
(pdftex.def)             Requested size: 208.9557pt x 156.71684pt.

<Figuras/taup_05Pb.jpg, id=477, 295.1025pt x 218.31563pt>
File: Figuras/taup_05Pb.jpg Graphic file (type jpg)

<use Figuras/taup_05Pb.jpg>
Package pdftex.def Info: Figuras/taup_05Pb.jpg used on input line 451.
(pdftex.def)             Requested size: 208.9557pt x 154.58876pt.

<Figuras/taup_07Rb.jpg, id=478, 281.05pt x 210.7875pt>
File: Figuras/taup_07Rb.jpg Graphic file (type jpg)

<use Figuras/taup_07Rb.jpg>
Package pdftex.def Info: Figuras/taup_07Rb.jpg used on input line 462.
(pdftex.def)             Requested size: 208.9557pt x 156.71684pt.

<Figuras/taup_07Pb.jpg, id=479, 281.05pt x 210.7875pt>
File: Figuras/taup_07Pb.jpg Graphic file (type jpg)

<use Figuras/taup_07Pb.jpg>
Package pdftex.def Info: Figuras/taup_07Pb.jpg used on input line 462.
(pdftex.def)             Requested size: 208.9557pt x 156.71684pt.
 [76 <./Figuras/taup_01Rb.jpg> <./Figuras/taup_01Pb.jpg>] [77 <./Figuras/taup_0
3Rb.jpg> <./Figuras/taup_03Pb.jpg> <./Figuras/taup_05Rb.jpg> <./Figuras/taup_05
Pb.jpg>]
<Figuras/final_direitab.jpg, id=486, 304.13625pt x 217.81375pt>
File: Figuras/final_direitab.jpg Graphic file (type jpg)

<use Figuras/final_direitab.jpg>
Package pdftex.def Info: Figuras/final_direitab.jpg used on input line 505.
(pdftex.def)             Requested size: 208.9557pt x 149.65019pt.

<Figuras/final_direita2b.jpg, id=487, 301.125pt x 213.29688pt>
File: Figuras/final_direita2b.jpg Graphic file (type jpg)

<use Figuras/final_direita2b.jpg>
Package pdftex.def Info: Figuras/final_direita2b.jpg used on input line 505.
(pdftex.def)             Requested size: 208.9557pt x 148.01468pt.
 [78 <./Figuras/taup_07Rb.jpg> <./Figuras/taup_07Pb.jpg>] <Figuras/final_esquer
dab.jpg, id=492, 316.18124pt x 218.8175pt>
File: Figuras/final_esquerdab.jpg Graphic file (type jpg)

<use Figuras/final_esquerdab.jpg>
Package pdftex.def Info: Figuras/final_esquerdab.jpg used on input line 520.
(pdftex.def)             Requested size: 208.9557pt x 144.61363pt.

<Figuras/final_esquerda2b.jpg, id=493, 320.19624pt x 214.30063pt>
File: Figuras/final_esquerda2b.jpg Graphic file (type jpg)

<use Figuras/final_esquerda2b.jpg>
Package pdftex.def Info: Figuras/final_esquerda2b.jpg used on input line 520.
(pdftex.def)             Requested size: 208.9557pt x 139.8529pt.

<Figuras/final_frente1b.jpg, id=494, 317.68687pt x 212.795pt>
File: Figuras/final_frente1b.jpg Graphic file (type jpg)

<use Figuras/final_frente1b.jpg>
Package pdftex.def Info: Figuras/final_frente1b.jpg used on input line 532.
(pdftex.def)             Requested size: 208.9557pt x 139.9678pt.

<Figuras/final_frente2b.jpg, id=495, 305.64188pt x 211.28937pt>
File: Figuras/final_frente2b.jpg Graphic file (type jpg)

<use Figuras/final_frente2b.jpg>
Package pdftex.def Info: Figuras/final_frente2b.jpg used on input line 532.
(pdftex.def)             Requested size: 208.9557pt x 144.44862pt.
 [79 <./Figuras/final_direitab.jpg> <./Figuras/final_direita2b.jpg> <./Figuras/
final_esquerdab.jpg> <./Figuras/final_esquerda2b.jpg>] <Figuras/final_tras1b.jp
g, id=499, 319.69438pt x 213.29688pt>
File: Figuras/final_tras1b.jpg Graphic file (type jpg)

<use Figuras/final_tras1b.jpg>
Package pdftex.def Info: Figuras/final_tras1b.jpg used on input line 547.
(pdftex.def)             Requested size: 208.9557pt x 139.41266pt.

<Figuras/final_tras2b.jpg, id=500, 320.69812pt x 213.29688pt>
File: Figuras/final_tras2b.jpg Graphic file (type jpg)

<use Figuras/final_tras2b.jpg>
Package pdftex.def Info: Figuras/final_tras2b.jpg used on input line 547.
(pdftex.def)             Requested size: 208.9557pt x 138.9798pt.

<Figuras/Queda_Diagonal1b.jpg, id=501, 304.63812pt x 211.79124pt>
File: Figuras/Queda_Diagonal1b.jpg Graphic file (type jpg)

<use Figuras/Queda_Diagonal1b.jpg>
Package pdftex.def Info: Figuras/Queda_Diagonal1b.jpg used on input line 558.
(pdftex.def)             Requested size: 208.9557pt x 145.27649pt.

<Figuras/Queda_Diagonal2b.jpg, id=502, 317.68687pt x 214.8025pt>
File: Figuras/Queda_Diagonal2b.jpg Graphic file (type jpg)

<use Figuras/Queda_Diagonal2b.jpg>
Package pdftex.def Info: Figuras/Queda_Diagonal2b.jpg used on input line 558.
(pdftex.def)             Requested size: 208.9557pt x 141.28827pt.
 [80 <./Figuras/final_frente1b.jpg> <./Figuras/final_frente2b.jpg> <./Figuras/f
inal_tras1b.jpg> <./Figuras/final_tras2b.jpg>] <Figuras/marcha1b.jpg, id=506, 3
32.24126pt x 215.80624pt>
File: Figuras/marcha1b.jpg Graphic file (type jpg)

<use Figuras/marcha1b.jpg>
Package pdftex.def Info: Figuras/marcha1b.jpg used on input line 576.
(pdftex.def)             Requested size: 325.043pt x 211.14291pt.
 [81 <./Figuras/Queda_Diagonal1b.jpg> <./Figuras/Queda_Diagonal2b.jpg>] [82 <./
Figuras/marcha1b.jpg>]
<Figuras/sequencia.png, id=513, 1297.84875pt x 528.97626pt>
File: Figuras/sequencia.png Graphic file (type png)

<use Figuras/sequencia.png>
Package pdftex.def Info: Figuras/sequencia.png used on input line 596.
(pdftex.def)             Requested size: 464.34918pt x 189.25285pt.
 [83 <./Figuras/sequencia.png>]) [84]
\openout2 = `cap_Conclusoes.aux'.


(cap_Conclusoes.tex
Cap\'{\i }tulo 5.
[85



]) [86] (relatorio.bbl [87


]) [88]
\c@noAnexo=\count118
 [89

]
\openout2 = `anexo_CD.aux'.

 (anexo_CD.tex
ANEXO I.
) [90


]
\tf@thm=\write8
\openout8 = `relatorio.thm'.

 (relatorio.aux (resumos.aux) (simbolos.aux) (cap_Introducao.aux)
(cap_RevisaoBibliografica.aux) (cap_Desenvolvimento.aux) (cap_Experimentos.aux)
(cap_Conclusoes.aux) (anexo_CD.aux)) ) 
Here is how much of TeX's memory you used:
 6247 strings out of 493334
 90458 string characters out of 3139252
 158610 words of memory out of 3000000
 9427 multiletter control sequences out of 15000+200000
 29110 words of font info for 74 fonts, out of 3000000 for 9000
 1141 hyphenation exceptions out of 8191
 40i,14n,43p,993b,327s stack positions out of 5000i,500n,10000p,200000b,50000s
 <C:\Users\bruno\AppData\Local\MiKTeX\2.9
\fonts\pk\ljfour\jknappen\ec\dpi600\ecbx1728.pk> <C:\Users\bruno\AppData\Local\
MiKTeX\2.9\fonts\pk\ljfour\jknappen\ec\dpi600\tcrm1095.pk> <C:\Users\bruno\AppD
ata\Local\MiKTeX\2.9\fonts\pk\ljfour\jknappen\ec\dpi600\ecbi1440.pk> <C:\Users\
bruno\AppData\Local\MiKTeX\2.9\fonts\pk\ljfour\jknappen\ec\dpi600\ecrm0900.pk> 
<C:\Users\bruno\AppData\Local\MiKTeX\2.9\fonts\pk\ljfour\jknappen\ec\dpi600\ecr
m0600.pk> <C:\Users\bruno\AppData\Local\MiKTeX\2.9\fonts\pk\ljfour\jknappen\ec\
dpi600\ecrm0800.pk> <C:\Users\bruno\AppData\Local\MiKTeX\2.9\fonts\pk\ljfour\jk
nappen\ec\dpi600\ecbx2074.pk> <C:\Users\bruno\AppData\Local\MiKTeX\2.9\fonts\pk
\ljfour\jknappen\ec\dpi600\eccc1095.pk> <C:\Users\bruno\AppData\Local\MiKTeX\2.
9\fonts\pk\ljfour\jknappen\ec\dpi600\ecxc1095.pk> <C:\Users\bruno\AppData\Local
\MiKTeX\2.9\fonts\pk\ljfour\jknappen\ec\dpi600\ecbx2488.pk> <C:\Users\bruno\App
Data\Local\MiKTeX\2.9\fonts\pk\ljfour\jknappen\ec\dpi600\ecrm1095.pk> <C:\Users
\bruno\AppData\Local\MiKTeX\2.9\fonts\pk\ljfour\jknappen\ec\dpi600\ecti1095.pk>
 <C:\Users\bruno\AppData\Local\MiKTeX\2.9\fonts\pk\ljfour\jknappen\ec\dpi600\ec
ti1000.pk> <C:\Users\bruno\AppData\Local\MiKTeX\2.9\fonts\pk\ljfour\jknappen\ec
\dpi600\ecrm1000.pk> <C:\Users\bruno\AppData\Local\MiKTeX\2.9\fonts\pk\ljfour\j
knappen\ec\dpi600\ecti1200.pk> <C:\Users\bruno\AppData\Local\MiKTeX\2.9\fonts\p
k\ljfour\jknappen\ec\dpi600\ecrm1200.pk> <C:\Users\bruno\AppData\Local\MiKTeX\2
.9\fonts\pk\ljfour\jknappen\ec\dpi600\ecbx1095.pk> <C:\Users\bruno\AppData\Loca
l\MiKTeX\2.9\fonts\pk\ljfour\jknappen\ec\dpi600\ecbx1200.pk> <C:\Users\bruno\Ap
pData\Local\MiKTeX\2.9\fonts\pk\ljfour\jknappen\ec\dpi600\ecbx1440.pk> <C:\User
s\bruno\AppData\Local\MiKTeX\2.9\fonts\pk\ljfour\jknappen\ec\dpi600\ecrm1440.pk
><C:/Program Files/MiKTeX 2.9/fonts/type1/public/amsfonts/cm/cmex10.pfb><C:/Pro
gram Files/MiKTeX 2.9/fonts/type1/public/amsfonts/cm/cmmi10.pfb><C:/Program Fil
es/MiKTeX 2.9/fonts/type1/public/amsfonts/cm/cmmi12.pfb><C:/Program Files/MiKTe
X 2.9/fonts/type1/public/amsfonts/cm/cmmi6.pfb><C:/Program Files/MiKTeX 2.9/fon
ts/type1/public/amsfonts/cm/cmmi8.pfb><C:/Program Files/MiKTeX 2.9/fonts/type1/
public/amsfonts/cm/cmmi9.pfb><C:/Program Files/MiKTeX 2.9/fonts/type1/public/am
sfonts/cm/cmr10.pfb><C:/Program Files/MiKTeX 2.9/fonts/type1/public/amsfonts/cm
/cmr6.pfb><C:/Program Files/MiKTeX 2.9/fonts/type1/public/amsfonts/cm/cmr8.pfb>
<C:/Program Files/MiKTeX 2.9/fonts/type1/public/amsfonts/cm/cmsy10.pfb><C:/Prog
ram Files/MiKTeX 2.9/fonts/type1/public/amsfonts/cm/cmsy6.pfb><C:/Program Files
/MiKTeX 2.9/fonts/type1/public/amsfonts/cm/cmsy8.pfb><C:/Program Files/MiKTeX 2
.9/fonts/type1/public/amsfonts/symbols/msbm10.pfb>
Output written on relatorio.pdf (103 pages, 17624239 bytes).
PDF statistics:
 1353 PDF objects out of 1440 (max. 8388607)
 0 named destinations out of 1000 (max. 500000)
 516 words of extra memory for PDF output out of 10000 (max. 10000000)

